<?xml version="1.0" encoding="UTF-8"?>
<coverage generated="1635409082368" clover="3.2.0">
  <project timestamp="1635409082368" name="All files">
    <metrics statements="26" coveredstatements="26" conditionals="26" coveredconditionals="23" methods="2" coveredmethods="2" elements="54" coveredelements="51" complexity="0" loc="26" ncloc="26" packages="1" files="1" classes="1"/>
    <file name="Dot.js" path="C:\Users\Guillaume\Dev\foxbase-collections\src\Tools\Dot.js">
      <metrics statements="26" coveredstatements="26" conditionals="26" coveredconditionals="23" methods="2" coveredmethods="2"/>
      <line num="3" count="11" type="cond" truecount="4" falsecount="0"/>
      <line num="4" count="2" type="stmt"/>
      <line num="6" count="9" type="stmt"/>
      <line num="7" count="9" type="stmt"/>
      <line num="8" count="9" type="stmt"/>
      <line num="9" count="16" type="cond" truecount="2" falsecount="0"/>
      <line num="10" count="4" type="stmt"/>
      <line num="12" count="12" type="stmt"/>
      <line num="14" count="16" type="cond" truecount="4" falsecount="0"/>
      <line num="15" count="1" type="stmt"/>
      <line num="18" count="8" type="stmt"/>
      <line num="22" count="5" type="stmt"/>
      <line num="23" count="5" type="stmt"/>
      <line num="25" count="5" type="stmt"/>
      <line num="27" count="5" type="cond" truecount="4" falsecount="0"/>
      <line num="28" count="3" type="stmt"/>
      <line num="30" count="2" type="stmt"/>
      <line num="32" count="5" type="cond" truecount="2" falsecount="0"/>
      <line num="33" count="1" type="cond" truecount="1" falsecount="1"/>
      <line num="34" count="1" type="cond" truecount="1" falsecount="1"/>
      <line num="36" count="4" type="cond" truecount="1" falsecount="1"/>
      <line num="40" count="5" type="stmt"/>
      <line num="41" count="5" type="cond" truecount="4" falsecount="0"/>
      <line num="42" count="1" type="stmt"/>
      <line num="44" count="5" type="stmt"/>
      <line num="46" count="5" type="stmt"/>
    </file>
  </project>
</coverage>
