{"C:\\Users\\Guillaume\\Dev\\foxbase-collections\\src\\Tools\\Dot.js": {"path":"C:\\Users\\Guillaume\\Dev\\foxbase-collections\\src\\Tools\\Dot.js","statementMap":{"0":{"start":{"line":3,"column":8},"end":{"line":5,"column":9}},"1":{"start":{"line":4,"column":12},"end":{"line":4,"column":25}},"2":{"start":{"line":6,"column":22},"end":{"line":6,"column":40}},"3":{"start":{"line":7,"column":18},"end":{"line":7,"column":24}},"4":{"start":{"line":8,"column":8},"end":{"line":17,"column":9}},"5":{"start":{"line":8,"column":21},"end":{"line":8,"column":22}},"6":{"start":{"line":9,"column":12},"end":{"line":13,"column":13}},"7":{"start":{"line":10,"column":16},"end":{"line":10,"column":45}},"8":{"start":{"line":12,"column":16},"end":{"line":12,"column":35}},"9":{"start":{"line":14,"column":12},"end":{"line":16,"column":13}},"10":{"start":{"line":15,"column":16},"end":{"line":15,"column":32}},"11":{"start":{"line":18,"column":8},"end":{"line":18,"column":18}},"12":{"start":{"line":22,"column":22},"end":{"line":22,"column":40}},"13":{"start":{"line":23,"column":18},"end":{"line":23,"column":24}},"14":{"start":{"line":25,"column":8},"end":{"line":38,"column":9}},"15":{"start":{"line":25,"column":21},"end":{"line":25,"column":22}},"16":{"start":{"line":27,"column":12},"end":{"line":31,"column":13}},"17":{"start":{"line":28,"column":16},"end":{"line":28,"column":28}},"18":{"start":{"line":30,"column":16},"end":{"line":30,"column":28}},"19":{"start":{"line":32,"column":12},"end":{"line":37,"column":13}},"20":{"start":{"line":33,"column":30},"end":{"line":33,"column":80}},"21":{"start":{"line":34,"column":16},"end":{"line":34,"column":70}},"22":{"start":{"line":36,"column":16},"end":{"line":36,"column":79}},"23":{"start":{"line":40,"column":18},"end":{"line":40,"column":41}},"24":{"start":{"line":41,"column":8},"end":{"line":43,"column":9}},"25":{"start":{"line":42,"column":12},"end":{"line":42,"column":28}},"26":{"start":{"line":44,"column":8},"end":{"line":44,"column":24}},"27":{"start":{"line":46,"column":8},"end":{"line":46,"column":18}}},"fnMap":{"0":{"name":"(anonymous_0)","decl":{"start":{"line":2,"column":4},"end":{"line":2,"column":5}},"loc":{"start":{"line":2,"column":32},"end":{"line":19,"column":5}},"line":2},"1":{"name":"(anonymous_1)","decl":{"start":{"line":21,"column":4},"end":{"line":21,"column":5}},"loc":{"start":{"line":21,"column":39},"end":{"line":47,"column":5}},"line":21}},"branchMap":{"0":{"loc":{"start":{"line":3,"column":8},"end":{"line":5,"column":9}},"type":"if","locations":[{"start":{"line":3,"column":8},"end":{"line":5,"column":9}},{"start":{},"end":{}}],"line":3},"1":{"loc":{"start":{"line":3,"column":12},"end":{"line":3,"column":51}},"type":"binary-expr","locations":[{"start":{"line":3,"column":12},"end":{"line":3,"column":32}},{"start":{"line":3,"column":36},"end":{"line":3,"column":51}}],"line":3},"2":{"loc":{"start":{"line":9,"column":12},"end":{"line":13,"column":13}},"type":"if","locations":[{"start":{"line":9,"column":12},"end":{"line":13,"column":13}},{"start":{"line":11,"column":19},"end":{"line":13,"column":13}}],"line":9},"3":{"loc":{"start":{"line":14,"column":12},"end":{"line":16,"column":13}},"type":"if","locations":[{"start":{"line":14,"column":12},"end":{"line":16,"column":13}},{"start":{},"end":{}}],"line":14},"4":{"loc":{"start":{"line":14,"column":16},"end":{"line":14,"column":49}},"type":"binary-expr","locations":[{"start":{"line":14,"column":16},"end":{"line":14,"column":33}},{"start":{"line":14,"column":37},"end":{"line":14,"column":49}}],"line":14},"5":{"loc":{"start":{"line":27,"column":12},"end":{"line":31,"column":13}},"type":"if","locations":[{"start":{"line":27,"column":12},"end":{"line":31,"column":13}},{"start":{"line":29,"column":19},"end":{"line":31,"column":13}}],"line":27},"6":{"loc":{"start":{"line":27,"column":16},"end":{"line":27,"column":66}},"type":"binary-expr","locations":[{"start":{"line":27,"column":16},"end":{"line":27,"column":42}},{"start":{"line":27,"column":46},"end":{"line":27,"column":66}}],"line":27},"7":{"loc":{"start":{"line":32,"column":12},"end":{"line":37,"column":13}},"type":"if","locations":[{"start":{"line":32,"column":12},"end":{"line":37,"column":13}},{"start":{"line":35,"column":19},"end":{"line":37,"column":13}}],"line":32},"8":{"loc":{"start":{"line":33,"column":30},"end":{"line":33,"column":80}},"type":"cond-expr","locations":[{"start":{"line":33,"column":49},"end":{"line":33,"column":59}},{"start":{"line":33,"column":62},"end":{"line":33,"column":80}}],"line":33},"9":{"loc":{"start":{"line":34,"column":22},"end":{"line":34,"column":70}},"type":"cond-expr","locations":[{"start":{"line":34,"column":35},"end":{"line":34,"column":45}},{"start":{"line":34,"column":49},"end":{"line":34,"column":69}}],"line":34},"10":{"loc":{"start":{"line":36,"column":22},"end":{"line":36,"column":79}},"type":"cond-expr","locations":[{"start":{"line":36,"column":38},"end":{"line":36,"column":51}},{"start":{"line":36,"column":55},"end":{"line":36,"column":78}}],"line":36},"11":{"loc":{"start":{"line":41,"column":8},"end":{"line":43,"column":9}},"type":"if","locations":[{"start":{"line":41,"column":8},"end":{"line":43,"column":9}},{"start":{},"end":{}}],"line":41},"12":{"loc":{"start":{"line":41,"column":12},"end":{"line":41,"column":45}},"type":"binary-expr","locations":[{"start":{"line":41,"column":12},"end":{"line":41,"column":23}},{"start":{"line":41,"column":27},"end":{"line":41,"column":45}}],"line":41}},"s":{"0":12,"1":2,"2":10,"3":10,"4":10,"5":10,"6":20,"7":4,"8":16,"9":20,"10":1,"11":9,"12":7,"13":7,"14":7,"15":7,"16":10,"17":4,"18":6,"19":10,"20":2,"21":2,"22":8,"23":7,"24":7,"25":1,"26":7,"27":7},"f":{"0":12,"1":7},"b":{"0":[2,10],"1":[12,11],"2":[4,16],"3":[1,19],"4":[20,19],"5":[4,6],"6":[10,8],"7":[2,8],"8":[1,1],"9":[1,1],"10":[5,3],"11":[1,6],"12":[7,1]},"_coverageSchema":"1a1c01bbd47fc00a2c39e90264f33305004495a9","hash":"5267167b35878f359589681b62046ecbf2252dfe"}
}
