TN:
SF:src\Tools\Dot.js
FN:2,(anonymous_0)
FN:21,(anonymous_1)
FNF:2
FNH:2
FNDA:11,(anonymous_0)
FNDA:5,(anonymous_1)
DA:3,11
DA:4,2
DA:6,9
DA:7,9
DA:8,9
DA:9,16
DA:10,4
DA:12,12
DA:14,16
DA:15,1
DA:18,8
DA:22,5
DA:23,5
DA:25,5
DA:27,5
DA:28,3
DA:30,2
DA:32,5
DA:33,1
DA:34,1
DA:36,4
DA:40,5
DA:41,5
DA:42,1
DA:44,5
DA:46,5
LF:26
LH:26
BRDA:3,0,0,2
BRDA:3,0,1,9
BRDA:3,1,0,11
BRDA:3,1,1,10
BRDA:9,2,0,4
BRDA:9,2,1,12
BRDA:14,3,0,1
BRDA:14,3,1,15
BRDA:14,4,0,16
BRDA:14,4,1,15
BRDA:27,5,0,3
BRDA:27,5,1,2
BRDA:27,6,0,5
BRDA:27,6,1,4
BRDA:32,7,0,1
BRDA:32,7,1,4
BRDA:33,8,0,1
BRDA:33,8,1,0
BRDA:34,9,0,0
BRDA:34,9,1,1
BRDA:36,10,0,4
BRDA:36,10,1,0
BRDA:41,11,0,1
BRDA:41,11,1,4
BRDA:41,12,0,5
BRDA:41,12,1,1
BRF:26
BRH:23
end_of_record
