TN:
SF:src\Tools\Dot.js
FN:2,(anonymous_0)
FN:21,(anonymous_1)
FNF:2
FNH:2
FNDA:12,(anonymous_0)
FNDA:7,(anonymous_1)
DA:3,12
DA:4,2
DA:6,10
DA:7,10
DA:8,10
DA:9,20
DA:10,4
DA:12,16
DA:14,20
DA:15,1
DA:18,9
DA:22,7
DA:23,7
DA:25,7
DA:27,10
DA:28,4
DA:30,6
DA:32,10
DA:33,2
DA:34,2
DA:36,8
DA:40,7
DA:41,7
DA:42,1
DA:44,7
DA:46,7
LF:26
LH:26
BRDA:3,0,0,2
BRDA:3,0,1,10
BRDA:3,1,0,12
BRDA:3,1,1,11
BRDA:9,2,0,4
BRDA:9,2,1,16
BRDA:14,3,0,1
BRDA:14,3,1,19
BRDA:14,4,0,20
BRDA:14,4,1,19
BRDA:27,5,0,4
BRDA:27,5,1,6
BRDA:27,6,0,10
BRDA:27,6,1,8
BRDA:32,7,0,2
BRDA:32,7,1,8
BRDA:33,8,0,1
BRDA:33,8,1,1
BRDA:34,9,0,1
BRDA:34,9,1,1
BRDA:36,10,0,5
BRDA:36,10,1,3
BRDA:41,11,0,1
BRDA:41,11,1,6
BRDA:41,12,0,7
BRDA:41,12,1,1
BRF:26
BRH:26
end_of_record
